#
# There is insufficient memory for the Java Runtime Environment to continue.
# Native memory allocation (malloc) failed to allocate 132736 bytes for Chunk::new
# Possible reasons:
#   The system is out of physical RAM or swap space
#   In 32 bit mode, the process size limit was hit
# Possible solutions:
#   Reduce memory load on the system
#   Increase physical memory or swap space
#   Check if swap backing store is full
#   Use 64 bit Java on a 64 bit OS
#   Decrease Java heap size (-Xmx/-Xms)
#   Decrease number of Java threads
#   Decrease Java thread stack sizes (-Xss)
#   Set larger code cache with -XX:ReservedCodeCacheSize=
# This output file may be truncated or incomplete.
#
#  Out of Memory Error (allocation.cpp:390), pid=8160, tid=0x0000000000001304
#
# JRE version: Java(TM) SE Runtime Environment (8.0_161-b12) (build 1.8.0_161-b12)
# Java VM: Java HotSpot(TM) 64-Bit Server VM (25.161-b12 mixed mode windows-amd64 compressed oops)
# Failed to write core dump. Minidumps are not enabled by default on client versions of Windows
#

---------------  T H R E A D  ---------------

Current thread (0x0000000054f3d800):  JavaThread "C2 CompilerThread0" daemon [_thread_in_native, id=4868, stack(0x00000000561a0000,0x00000000562a0000)]

Stack: [0x00000000561a0000,0x00000000562a0000]
[error occurred during error reporting (printing stack bounds), id 0xc0000005]

Native frames: (J=compiled Java code, j=interpreted, Vv=VM code, C=native code)


Current CompileTask:
C2:   5418  735       4       sun.awt.image.GifImageDecoder::sendPixels (415 bytes)


---------------  P R O C E S S  ---------------

Java Threads: ( => current thread )
  0x00000000590a9000 JavaThread "Image Fetcher 0" daemon [_thread_blocked, id=3120, stack(0x0000000059bd0000,0x0000000059cd0000)]
  0x0000000056630800 JavaThread "Image Animator 3" daemon [_thread_blocked, id=1852, stack(0x0000000058920000,0x0000000058a20000)]
  0x000000000043e800 JavaThread "DestroyJavaVM" [_thread_blocked, id=5112, stack(0x0000000002540000,0x0000000002640000)]
  0x00000000565d1800 JavaThread "AWT-EventQueue-0" [_thread_blocked, id=2920, stack(0x00000000572d0000,0x00000000573d0000)]
  0x00000000565ca800 JavaThread "AWT-Windows" daemon [_thread_in_native, id=1508, stack(0x0000000056f40000,0x0000000057040000)]
  0x00000000565c7000 JavaThread "AWT-Shutdown" [_thread_blocked, id=2456, stack(0x0000000056ce0000,0x0000000056de0000)]
  0x00000000565c6000 JavaThread "Java2D Disposer" daemon [_thread_blocked, id=4112, stack(0x0000000056ab0000,0x0000000056bb0000)]
  0x00000000562b8800 JavaThread "Service Thread" daemon [_thread_blocked, id=6872, stack(0x0000000056780000,0x0000000056880000)]
  0x0000000054f47000 JavaThread "C1 CompilerThread1" daemon [_thread_blocked, id=5780, stack(0x0000000055d40000,0x0000000055e40000)]
=>0x0000000054f3d800 JavaThread "C2 CompilerThread0" daemon [_thread_in_native, id=4868, stack(0x00000000561a0000,0x00000000562a0000)]
  0x0000000054f3b000 JavaThread "Attach Listener" daemon [_thread_blocked, id=7116, stack(0x0000000056070000,0x0000000056170000)]
  0x0000000054f3a000 JavaThread "Signal Dispatcher" daemon [_thread_blocked, id=6484, stack(0x0000000055e70000,0x0000000055f70000)]
  0x0000000054f21000 JavaThread "Finalizer" daemon [_thread_blocked, id=6860, stack(0x0000000055bf0000,0x0000000055cf0000)]
  0x0000000054ed8000 JavaThread "Reference Handler" daemon [_thread_blocked, id=5436, stack(0x0000000055a20000,0x0000000055b20000)]

Other Threads:
  0x0000000054ece000 VMThread [stack: 0x0000000055800000,0x0000000055900000] [id=6876]
  0x0000000054f9d800 WatcherThread [stack: 0x0000000056920000,0x0000000056a20000] [id=2664]

VM state:not at safepoint (normal execution)

VM Mutex/Monitor currently owned by a thread: None

Heap:
 PSYoungGen      total 18944K, used 14508K [0x00000000eab00000, 0x00000000ec000000, 0x0000000100000000)
  eden space 16384K, 88% used [0x00000000eab00000,0x00000000eb92b380,0x00000000ebb00000)
  from space 2560K, 0% used [0x00000000ebd80000,0x00000000ebd80000,0x00000000ec000000)
  to   space 2560K, 0% used [0x00000000ebb00000,0x00000000ebb00000,0x00000000ebd80000)
 ParOldGen       total 44032K, used 0K [0x00000000c0000000, 0x00000000c2b00000, 0x00000000eab00000)
  object space 44032K, 0% used [0x00000000c0000000,0x00000000c0000000,0x00000000c2b00000)
 Metaspace       used 9366K, capacity 9578K, committed 9728K, reserved 1058816K
  class space    used 1139K, capacity 1232K, committed 1280K, reserved 1048576K

Card table byte_map: [0x0000000011cd0000,0x0000000011ee0000] byte_map_base: 0x00000000116d0000

Marking Bits: (ParMarkBitMap*) 0x000000006eeef860
 Begin Bits: [0x00000000123a0000, 0x00000000133a0000)
 End Bits:   [0x00000000133a0000, 0x00000000143a0000)

Polling page: 0x0000000000120000

CodeCache: size=245760Kb used=2742Kb max_used=2750Kb free=243017Kb
 bounds [0x0000000002910000, 0x0000000002bd0000, 0x0000000011910000]
 total_blobs=1190 nmethods=734 adapters=370
 compilation: enabled

Compilation events (10 events):
Event: 4.558 Thread 0x0000000054f47000 nmethod 730 0x0000000002bba410 code [0x0000000002bba5a0, 0x0000000002bba8f8]
Event: 4.600 Thread 0x0000000054f47000  731       3       sun.awt.windows.WGlobalCursorManager::getCursorManager (20 bytes)
Event: 4.601 Thread 0x0000000054f47000 nmethod 731 0x0000000002bba9d0 code [0x0000000002bbab60, 0x0000000002bbb070]
Event: 4.757 Thread 0x0000000054f3d800  732       4       java.awt.image.ComponentSampleModel::getNumDataElements (5 bytes)
Event: 4.758 Thread 0x0000000054f3d800 nmethod 732 0x0000000002b9a650 code [0x0000000002b9a780, 0x0000000002b9a7d8]
Event: 4.758 Thread 0x0000000054f3d800  733   !   4       sun.awt.image.ImageRepresentation::setPixels (1055 bytes)
Event: 4.789 Thread 0x0000000054f3d800 nmethod 733 0x0000000002bc04d0 code [0x0000000002bc0660, 0x0000000002bc14c8]
Event: 5.082 Thread 0x0000000054f47000  734       3       sun.awt.image.GifImageDecoder::sendPixels (415 bytes)
Event: 5.086 Thread 0x0000000054f47000 nmethod 734 0x0000000002bbec10 code [0x0000000002bbee20, 0x0000000002bbfd68]
Event: 5.406 Thread 0x0000000054f3d800  735       4       sun.awt.image.GifImageDecoder::sendPixels (415 bytes)

GC Heap History (0 events):
No events

Deoptimization events (1 events):
Event: 5.080 Thread 0x0000000056630800 Uncommon trap: reason=unstable_if action=reinterpret pc=0x0000000002b9e5f8 method=sun.awt.image.GifImageDecoder.sendPixels(IIII[BLjava/awt/image/ColorModel;)I @ 136

Classes redefined (0 events):
No events

Internal exceptions (10 events):
Event: 0.048 Thread 0x000000000043e800 Exception <a 'java/lang/NoSuchMethodError': Method sun.misc.Unsafe.prefetchRead(Ljava/lang/Object;J)V name or signature does not match> (0x00000000eab07f88) thrown at [C:\re\workspace\8-2-build-windows-amd64-cygwin\jdk8u161\10277\hotspot\src\share\vm\prim
Event: 0.184 Thread 0x000000000043e800 Exception <a 'java/security/PrivilegedActionException'> (0x00000000eac0abe8) thrown at [C:\re\workspace\8-2-build-windows-amd64-cygwin\jdk8u161\10277\hotspot\src\share\vm\prims\jvm.cpp, line 1390]
Event: 0.184 Thread 0x000000000043e800 Exception <a 'java/security/PrivilegedActionException'> (0x00000000eac0adf8) thrown at [C:\re\workspace\8-2-build-windows-amd64-cygwin\jdk8u161\10277\hotspot\src\share\vm\prims\jvm.cpp, line 1390]
Event: 0.184 Thread 0x000000000043e800 Exception <a 'java/security/PrivilegedActionException'> (0x00000000eac0ea68) thrown at [C:\re\workspace\8-2-build-windows-amd64-cygwin\jdk8u161\10277\hotspot\src\share\vm\prims\jvm.cpp, line 1390]
Event: 0.184 Thread 0x000000000043e800 Exception <a 'java/security/PrivilegedActionException'> (0x00000000eac0ec78) thrown at [C:\re\workspace\8-2-build-windows-amd64-cygwin\jdk8u161\10277\hotspot\src\share\vm\prims\jvm.cpp, line 1390]
Event: 0.188 Thread 0x000000000043e800 Exception <a 'java/io/FileNotFoundException'> (0x00000000eac154e0) thrown at [C:\re\workspace\8-2-build-windows-amd64-cygwin\jdk8u161\10277\hotspot\src\share\vm\prims\jni.cpp, line 709]
Event: 0.228 Thread 0x000000000043e800 Exception <a 'java/lang/NoSuchFieldError': method resolution failed> (0x00000000eace5f60) thrown at [C:\re\workspace\8-2-build-windows-amd64-cygwin\jdk8u161\10277\hotspot\src\share\vm\prims\methodHandles.cpp, line 1167]
Event: 0.237 Thread 0x000000000043e800 Exception <a 'java/lang/NoSuchFieldError': method resolution failed> (0x00000000eacf3360) thrown at [C:\re\workspace\8-2-build-windows-amd64-cygwin\jdk8u161\10277\hotspot\src\share\vm\prims\methodHandles.cpp, line 1167]
Event: 0.354 Thread 0x00000000565d1800 Exception <a 'java/io/FileNotFoundException'> (0x00000000eadf0a38) thrown at [C:\re\workspace\8-2-build-windows-amd64-cygwin\jdk8u161\10277\hotspot\src\share\vm\prims\jni.cpp, line 709]
Event: 3.015 Thread 0x0000000056630800 Exception <a 'java/lang/InterruptedException': sleep interrupted> (0x00000000eb66d608) thrown at [C:\re\workspace\8-2-build-windows-amd64-cygwin\jdk8u161\10277\hotspot\src\share\vm\prims\jvm.cpp, line 3180]

Events (10 events):
Event: 5.406 Thread 0x0000000056630800 DEOPT PACKING pc=0x0000000002bbfbd4 sp=0x0000000058a1e200
Event: 5.406 Thread 0x0000000056630800 DEOPT UNPACKING pc=0x0000000002957490 sp=0x0000000058a1df58 mode 0
Event: 5.407 Thread 0x0000000056630800 DEOPT PACKING pc=0x0000000002bbfbd4 sp=0x0000000058a1e200
Event: 5.407 Thread 0x0000000056630800 DEOPT UNPACKING pc=0x0000000002957490 sp=0x0000000058a1df58 mode 0
Event: 5.407 Thread 0x0000000056630800 DEOPT PACKING pc=0x0000000002bbfbd4 sp=0x0000000058a1e200
Event: 5.407 Thread 0x0000000056630800 DEOPT UNPACKING pc=0x0000000002957490 sp=0x0000000058a1df58 mode 0
Event: 5.408 Thread 0x0000000056630800 DEOPT PACKING pc=0x0000000002bbfbd4 sp=0x0000000058a1e200
Event: 5.408 Thread 0x0000000056630800 DEOPT UNPACKING pc=0x0000000002957490 sp=0x0000000058a1df58 mode 0
Event: 5.409 Thread 0x0000000056630800 DEOPT PACKING pc=0x0000000002bbfbd4 sp=0x0000000058a1e200
Event: 5.409 Thread 0x0000000056630800 DEOPT UNPACKING pc=0x0000000002957490 sp=0x0000000058a1df58 mode 0


Dynamic libraries:
0x000000013fab0000 - 0x000000013fae7000 	C:\Program Files\Java\jre1.8.0_161\bin\javaw.exe
0x0000000077720000 - 0x00000000778c8000 	C:\Windows\SYSTEM32\ntdll.dll
0x0000000077600000 - 0x000000007771f000 	C:\Windows\system32\kernel32.dll
0x000007fefd560000 - 0x000007fefd5cc000 	C:\Windows\system32\KERNELBASE.dll
0x000007fefe180000 - 0x000007fefe25b000 	C:\Windows\system32\ADVAPI32.dll
0x000007fefe260000 - 0x000007fefe2ff000 	C:\Windows\system32\msvcrt.dll
0x000007feff460000 - 0x000007feff47f000 	C:\Windows\SYSTEM32\sechost.dll
0x000007fefdfe0000 - 0x000007fefe10d000 	C:\Windows\system32\RPCRT4.dll
0x0000000077500000 - 0x00000000775fa000 	C:\Windows\system32\USER32.dll
0x000007feff7a0000 - 0x000007feff807000 	C:\Windows\system32\GDI32.dll
0x000007fefd970000 - 0x000007fefd97e000 	C:\Windows\system32\LPK.dll
0x000007fefd8a0000 - 0x000007fefd969000 	C:\Windows\system32\USP10.dll
0x000007fefc090000 - 0x000007fefc284000 	C:\Windows\WinSxS\amd64_microsoft.windows.common-controls_6595b64144ccf1df_6.0.7601.17514_none_fa396087175ac9ac\COMCTL32.dll
0x000007feff810000 - 0x000007feff881000 	C:\Windows\system32\SHLWAPI.dll
0x000007feffa00000 - 0x000007feffa2e000 	C:\Windows\system32\IMM32.DLL
0x000007feff690000 - 0x000007feff799000 	C:\Windows\system32\MSCTF.dll
0x000000006f800000 - 0x000000006f8d2000 	C:\Program Files\Java\jre1.8.0_161\bin\msvcr100.dll
0x000000006e6d0000 - 0x000000006ef6f000 	C:\Program Files\Java\jre1.8.0_161\bin\server\jvm.dll
0x000007fefa840000 - 0x000007fefa849000 	C:\Windows\system32\WSOCK32.dll
0x000007feff890000 - 0x000007feff8dd000 	C:\Windows\system32\WS2_32.dll
0x000007fefe170000 - 0x000007fefe178000 	C:\Windows\system32\NSI.dll
0x000007fef8170000 - 0x000007fef81ab000 	C:\Windows\system32\WINMM.dll
0x000007fefc580000 - 0x000007fefc58c000 	C:\Windows\system32\VERSION.dll
0x00000000778f0000 - 0x00000000778f7000 	C:\Windows\system32\PSAPI.DLL
0x0000000072550000 - 0x000000007255f000 	C:\Program Files\Java\jre1.8.0_161\bin\verify.dll
0x0000000072040000 - 0x0000000072069000 	C:\Program Files\Java\jre1.8.0_161\bin\java.dll
0x0000000072530000 - 0x0000000072546000 	C:\Program Files\Java\jre1.8.0_161\bin\zip.dll
0x000007fefe6d0000 - 0x000007feff459000 	C:\Windows\system32\SHELL32.dll
0x000007feff480000 - 0x000007feff683000 	C:\Windows\system32\ole32.dll
0x000007fefd4e0000 - 0x000007fefd4ef000 	C:\Windows\system32\profapi.dll
0x000000006c8b0000 - 0x000000006ca48000 	C:\Program Files\Java\jre1.8.0_161\bin\awt.dll
0x000007fefe3a0000 - 0x000007fefe477000 	C:\Windows\system32\OLEAUT32.dll
0x000007fefbeb0000 - 0x000007fefbf06000 	C:\Windows\system32\uxtheme.dll
0x0000000180000000 - 0x0000000180256000 	C:\Program Files (x86)\RivaTuner Statistics Server\RTSSHooks64.dll
0x000007fefba80000 - 0x000007fefba98000 	C:\Windows\system32\dwmapi.dll
0x000007fefd380000 - 0x000007fefd38f000 	C:\Windows\system32\CRYPTBASE.dll
0x000007fee4d80000 - 0x000007fee4e9d000 	C:\Windows\system32\opengl32.dll
0x000007feece50000 - 0x000007feece7d000 	C:\Windows\system32\GLU32.dll
0x000007fee4c80000 - 0x000007fee4d71000 	C:\Windows\system32\DDRAW.dll
0x000007feed1a0000 - 0x000007feed1a8000 	C:\Windows\system32\DCIMAN32.dll
0x000007fefd9a0000 - 0x000007fefdb77000 	C:\Windows\system32\SETUPAPI.dll
0x000007fefd810000 - 0x000007fefd846000 	C:\Windows\system32\CFGMGR32.dll
0x000007fefd870000 - 0x000007fefd88a000 	C:\Windows\system32\DEVOBJ.dll
0x000007feea220000 - 0x000007feea41f000 	C:\Windows\system32\d3d9.dll
0x000007feeb4d0000 - 0x000007feeb4d7000 	C:\Windows\system32\d3d8thk.dll
0x000007fef9040000 - 0x000007fef914e000 	C:\Windows\system32\aticfx64.dll
0x000007feeb4c0000 - 0x000007feeb4cf000 	C:\Windows\system32\atiu9p64.dll
0x000007fee8f80000 - 0x000007fee96ad000 	C:\Windows\system32\atiumd64.dll
0x000000006f8e0000 - 0x000000006fcfe000 	C:\Windows\system32\atiumd6a.dll
0x0000000071fb0000 - 0x0000000071fe1000 	C:\Program Files\Java\jre1.8.0_161\bin\jpeg.dll
0x0000000071f60000 - 0x0000000071fa7000 	C:\Program Files\Java\jre1.8.0_161\bin\fontmanager.dll
0x0000000072080000 - 0x000000007209a000 	C:\Program Files\Java\jre1.8.0_161\bin\net.dll
0x000007fefccc0000 - 0x000007fefcd15000 	C:\Windows\system32\mswsock.dll
0x000007fefccb0000 - 0x000007fefccb7000 	C:\Windows\System32\wship6.dll
0x0000000072020000 - 0x0000000072031000 	C:\Program Files\Java\jre1.8.0_161\bin\nio.dll
0x0000000071f10000 - 0x0000000071f52000 	C:\Program Files\Java\jre1.8.0_161\bin\t2k.dll

VM Arguments:
jvm_args: -Dfile.encoding=Cp1252 
java_command: interfac.comienzo
java_class_path (initial): C:\Program Files\Java\jre1.8.0_161\lib\resources.jar;C:\Program Files\Java\jre1.8.0_161\lib\rt.jar;C:\Program Files\Java\jre1.8.0_161\lib\jsse.jar;C:\Program Files\Java\jre1.8.0_161\lib\jce.jar;C:\Program Files\Java\jre1.8.0_161\lib\charsets.jar;C:\Program Files\Java\jre1.8.0_161\lib\jfr.jar;C:\Program Files\Java\jre1.8.0_161\lib\ext\access-bridge-64.jar;C:\Program Files\Java\jre1.8.0_161\lib\ext\cldrdata.jar;C:\Program Files\Java\jre1.8.0_161\lib\ext\dnsns.jar;C:\Program Files\Java\jre1.8.0_161\lib\ext\jaccess.jar;C:\Program Files\Java\jre1.8.0_161\lib\ext\jfxrt.jar;C:\Program Files\Java\jre1.8.0_161\lib\ext\localedata.jar;C:\Program Files\Java\jre1.8.0_161\lib\ext\nashorn.jar;C:\Program Files\Java\jre1.8.0_161\lib\ext\sunec.jar;C:\Program Files\Java\jre1.8.0_161\lib\ext\sunjce_provider.jar;C:\Program Files\Java\jre1.8.0_161\lib\ext\sunmscapi.jar;C:\Program Files\Java\jre1.8.0_161\lib\ext\sunpkcs11.jar;C:\Program Files\Java\jre1.8.0_161\lib\ext\zipfs.jar;C:\Users\Nico\eclipse-workspace\TP1\bin
Launcher Type: SUN_STANDARD

Environment Variables:
PATH=C:/Program Files/Java/jre1.8.0_161/bin/server;C:/Program Files/Java/jre1.8.0_161/bin;C:/Program Files/Java/jre1.8.0_161/lib/amd64;C:\ProgramData\Oracle\Java\javapath;C:\Program Files (x86)\AMD APP\bin\x86_64;C:\Program Files (x86)\AMD APP\bin\x86;C:\Windows\system32;C:\Windows;C:\Windows\System32\Wbem;C:\Windows\System32\WindowsPowerShell\v1.0\;C:\Program Files (x86)\ATI Technologies\ATI.ACE\Core-Static;C:\Program Files (x86)\Skype\Phone\;C:\Program Files\Git\cmd;C:\Users\Nico\Desktop;
USERNAME=Nico
OS=Windows_NT
PROCESSOR_IDENTIFIER=AMD64 Family 16 Model 6 Stepping 2, AuthenticAMD



---------------  S Y S T E M  ---------------

OS: Windows 7 , 64 bit Build 7601 (6.1.7601.18798)

CPU:total 2 (initial active 2) (2 cores per cpu, 1 threads per core) family 16 model 6 stepping 2, cmov, cx8, fxsr, mmx, sse, sse2, sse3, popcnt, mmxext, 3dnowpref, lzcnt, sse4a, tsc, tscinvbit, tscinv

Memory: 4k page, physical 4193512k(578796k free), swap 9871216k(3092k free)

vm_info: Java HotSpot(TM) 64-Bit Server VM (25.161-b12) for windows-amd64 JRE (1.8.0_161-b12), built on Dec 19 2017 17:52:25 by "java_re" with MS VC++ 10.0 (VS2010)

time: Thu Mar 29 17:23:18 2018
elapsed time: 5 seconds (0d 0h 0m 5s)

