#
# There is insufficient memory for the Java Runtime Environment to continue.
# Native memory allocation (malloc) failed to allocate 386896 bytes for Chunk::new
# Possible reasons:
#   The system is out of physical RAM or swap space
#   In 32 bit mode, the process size limit was hit
# Possible solutions:
#   Reduce memory load on the system
#   Increase physical memory or swap space
#   Check if swap backing store is full
#   Use 64 bit Java on a 64 bit OS
#   Decrease Java heap size (-Xmx/-Xms)
#   Decrease number of Java threads
#   Decrease Java thread stack sizes (-Xss)
#   Set larger code cache with -XX:ReservedCodeCacheSize=
# This output file may be truncated or incomplete.
#
#  Out of Memory Error (allocation.cpp:390), pid=10440, tid=0x0000000000001ee8
#
# JRE version: Java(TM) SE Runtime Environment (8.0_161-b12) (build 1.8.0_161-b12)
# Java VM: Java HotSpot(TM) 64-Bit Server VM (25.161-b12 mixed mode windows-amd64 compressed oops)
# Failed to write core dump. Minidumps are not enabled by default on client versions of Windows
#

---------------  T H R E A D  ---------------

Current thread (0x0000000054d7a800):  JavaThread "C2 CompilerThread0" daemon [_thread_in_native, id=7912, stack(0x00000000560a0000,0x00000000561a0000)]

Stack: [0x00000000560a0000,0x00000000561a0000]
[error occurred during error reporting (printing stack bounds), id 0xc0000005]

Native frames: (J=compiled Java code, j=interpreted, Vv=VM code, C=native code)


Current CompileTask:
C2:   7697  902 % !   4       sun.awt.image.PNGImageDecoder::produceImage @ 960 (1916 bytes)


---------------  P R O C E S S  ---------------

Java Threads: ( => current thread )
  0x00000000561c5000 JavaThread "Image Fetcher 0" daemon [_thread_blocked, id=10064, stack(0x000000005de30000,0x000000005df30000)]
  0x00000000572ed800 JavaThread "D3D Screen Updater" daemon [_thread_blocked, id=10352, stack(0x000000005b6a0000,0x000000005b7a0000)]
  0x00000000572b8800 JavaThread "Image Animator 3" daemon [_thread_blocked, id=9908, stack(0x000000005b1a0000,0x000000005b2a0000)]
  0x000000000222e800 JavaThread "DestroyJavaVM" [_thread_blocked, id=8044, stack(0x0000000002390000,0x0000000002490000)]
  0x000000005658f000 JavaThread "AWT-EventQueue-0" [_thread_blocked, id=11228, stack(0x0000000057160000,0x0000000057260000)]
  0x000000005658e000 JavaThread "AWT-Windows" daemon [_thread_in_native, id=7536, stack(0x0000000056d10000,0x0000000056e10000)]
  0x0000000056588800 JavaThread "AWT-Shutdown" [_thread_blocked, id=8076, stack(0x0000000056b50000,0x0000000056c50000)]
  0x0000000056588000 JavaThread "Java2D Disposer" daemon [_thread_blocked, id=9700, stack(0x0000000056860000,0x0000000056960000)]
  0x0000000054dde800 JavaThread "Service Thread" daemon [_thread_blocked, id=9516, stack(0x0000000055a20000,0x0000000055b20000)]
  0x0000000054ddb800 JavaThread "C1 CompilerThread1" daemon [_thread_blocked, id=8632, stack(0x0000000055770000,0x0000000055870000)]
=>0x0000000054d7a800 JavaThread "C2 CompilerThread0" daemon [_thread_in_native, id=7912, stack(0x00000000560a0000,0x00000000561a0000)]
  0x0000000054d78800 JavaThread "Attach Listener" daemon [_thread_blocked, id=10632, stack(0x0000000055ed0000,0x0000000055fd0000)]
  0x0000000054d81000 JavaThread "Signal Dispatcher" daemon [_thread_blocked, id=10488, stack(0x0000000055d90000,0x0000000055e90000)]
  0x0000000054d5f000 JavaThread "Finalizer" daemon [_thread_blocked, id=5136, stack(0x0000000055c70000,0x0000000055d70000)]
  0x0000000054d18000 JavaThread "Reference Handler" daemon [_thread_blocked, id=10328, stack(0x0000000055b30000,0x0000000055c30000)]

Other Threads:
  0x0000000054d0e000 VMThread [stack: 0x00000000558b0000,0x00000000559b0000] [id=11008]
  0x00000000561a7000 WatcherThread [stack: 0x00000000566a0000,0x00000000567a0000] [id=10336]

VM state:not at safepoint (normal execution)

VM Mutex/Monitor currently owned by a thread: None

Heap:
 PSYoungGen      total 18944K, used 12149K [0x00000000eab00000, 0x00000000ec000000, 0x0000000100000000)
  eden space 16384K, 74% used [0x00000000eab00000,0x00000000eb6dd5d8,0x00000000ebb00000)
  from space 2560K, 0% used [0x00000000ebd80000,0x00000000ebd80000,0x00000000ec000000)
  to   space 2560K, 0% used [0x00000000ebb00000,0x00000000ebb00000,0x00000000ebd80000)
 ParOldGen       total 44032K, used 0K [0x00000000c0000000, 0x00000000c2b00000, 0x00000000eab00000)
  object space 44032K, 0% used [0x00000000c0000000,0x00000000c0000000,0x00000000c2b00000)
 Metaspace       used 9745K, capacity 9948K, committed 9984K, reserved 1058816K
  class space    used 1163K, capacity 1265K, committed 1280K, reserved 1048576K

Card table byte_map: [0x0000000011b20000,0x0000000011d30000] byte_map_base: 0x0000000011520000

Marking Bits: (ParMarkBitMap*) 0x000000006cebf860
 Begin Bits: [0x00000000121e0000, 0x00000000131e0000)
 End Bits:   [0x00000000131e0000, 0x00000000141e0000)

Polling page: 0x0000000000220000

CodeCache: size=245760Kb used=3480Kb max_used=3480Kb free=242279Kb
 bounds [0x0000000002760000, 0x0000000002ad0000, 0x0000000011760000]
 total_blobs=1382 nmethods=914 adapters=382
 compilation: enabled

Compilation events (10 events):
Event: 5.746 Thread 0x0000000054ddb800  905       1       java.util.LinkedList::size (5 bytes)
Event: 5.747 Thread 0x0000000054ddb800 nmethod 905 0x0000000002ac2590 code [0x0000000002ac26e0, 0x0000000002ac27f0]
Event: 5.747 Thread 0x0000000054ddb800  906       3       java.util.LinkedList$ListItr::hasPrevious (13 bytes)
Event: 5.747 Thread 0x0000000054ddb800 nmethod 906 0x0000000002ac2210 code [0x0000000002ac2360, 0x0000000002ac2510]
Event: 5.750 Thread 0x0000000054ddb800  907       3       java.util.Collections::emptyList (4 bytes)
Event: 5.750 Thread 0x0000000054ddb800 nmethod 907 0x0000000002ac1f10 code [0x0000000002ac2060, 0x0000000002ac2190]
Event: 5.751 Thread 0x0000000054ddb800  909       1       sun.java2d.pipe.Region::getLoX (5 bytes)
Event: 5.751 Thread 0x0000000054ddb800 nmethod 909 0x0000000002ac1c50 code [0x0000000002ac1da0, 0x0000000002ac1eb0]
Event: 6.072 Thread 0x0000000054ddb800  910       3       javax.swing.DefaultButtonModel::isPressed (15 bytes)
Event: 6.073 Thread 0x0000000054ddb800 nmethod 910 0x0000000002ac18d0 code [0x0000000002ac1a20, 0x0000000002ac1bd0]

GC Heap History (0 events):
No events

Deoptimization events (0 events):
No events

Classes redefined (0 events):
No events

Internal exceptions (10 events):
Event: 0.075 Thread 0x000000000222e800 Exception <a 'java/lang/NoSuchMethodError': Method sun.misc.Unsafe.prefetchRead(Ljava/lang/Object;J)V name or signature does not match> (0x00000000eab07f88) thrown at [C:\re\workspace\8-2-build-windows-amd64-cygwin\jdk8u161\10277\hotspot\src\share\vm\prim
Event: 0.167 Thread 0x000000000222e800 Exception <a 'java/security/PrivilegedActionException'> (0x00000000eac0df20) thrown at [C:\re\workspace\8-2-build-windows-amd64-cygwin\jdk8u161\10277\hotspot\src\share\vm\prims\jvm.cpp, line 1390]
Event: 0.167 Thread 0x000000000222e800 Exception <a 'java/security/PrivilegedActionException'> (0x00000000eac0e130) thrown at [C:\re\workspace\8-2-build-windows-amd64-cygwin\jdk8u161\10277\hotspot\src\share\vm\prims\jvm.cpp, line 1390]
Event: 0.168 Thread 0x000000000222e800 Exception <a 'java/security/PrivilegedActionException'> (0x00000000eac11da0) thrown at [C:\re\workspace\8-2-build-windows-amd64-cygwin\jdk8u161\10277\hotspot\src\share\vm\prims\jvm.cpp, line 1390]
Event: 0.168 Thread 0x000000000222e800 Exception <a 'java/security/PrivilegedActionException'> (0x00000000eac11fb0) thrown at [C:\re\workspace\8-2-build-windows-amd64-cygwin\jdk8u161\10277\hotspot\src\share\vm\prims\jvm.cpp, line 1390]
Event: 0.172 Thread 0x000000000222e800 Exception <a 'java/io/FileNotFoundException'> (0x00000000eac18600) thrown at [C:\re\workspace\8-2-build-windows-amd64-cygwin\jdk8u161\10277\hotspot\src\share\vm\prims\jni.cpp, line 709]
Event: 0.217 Thread 0x000000000222e800 Exception <a 'java/lang/NoSuchFieldError': method resolution failed> (0x00000000eace9408) thrown at [C:\re\workspace\8-2-build-windows-amd64-cygwin\jdk8u161\10277\hotspot\src\share\vm\prims\methodHandles.cpp, line 1167]
Event: 0.224 Thread 0x000000000222e800 Exception <a 'java/lang/NoSuchFieldError': method resolution failed> (0x00000000eacf67f0) thrown at [C:\re\workspace\8-2-build-windows-amd64-cygwin\jdk8u161\10277\hotspot\src\share\vm\prims\methodHandles.cpp, line 1167]
Event: 0.331 Thread 0x000000005658f000 Exception <a 'java/io/FileNotFoundException'> (0x00000000eadf8220) thrown at [C:\re\workspace\8-2-build-windows-amd64-cygwin\jdk8u161\10277\hotspot\src\share\vm\prims\jni.cpp, line 709]
Event: 4.817 Thread 0x00000000572b8800 Exception <a 'java/lang/InterruptedException': sleep interrupted> (0x00000000eb47f1c8) thrown at [C:\re\workspace\8-2-build-windows-amd64-cygwin\jdk8u161\10277\hotspot\src\share\vm\prims\jvm.cpp, line 3180]

Events (10 events):
Event: 5.699 loading class interfac/inicio$7$6$2$3
Event: 5.699 loading class interfac/inicio$7$6$2$3 done
Event: 5.701 Executing VM operation: RevokeBias
Event: 5.701 Executing VM operation: RevokeBias done
Event: 5.701 Executing VM operation: RevokeBias
Event: 5.701 Executing VM operation: RevokeBias done
Event: 5.702 Executing VM operation: RevokeBias
Event: 5.702 Executing VM operation: RevokeBias done
Event: 5.724 Executing VM operation: RevokeBias
Event: 5.724 Executing VM operation: RevokeBias done


Dynamic libraries:
0x000000013f4e0000 - 0x000000013f517000 	C:\Program Files\Java\jre1.8.0_161\bin\javaw.exe
0x0000000077b40000 - 0x0000000077ce8000 	C:\Windows\SYSTEM32\ntdll.dll
0x0000000077920000 - 0x0000000077a3f000 	C:\Windows\system32\kernel32.dll
0x000007fefdad0000 - 0x000007fefdb3c000 	C:\Windows\system32\KERNELBASE.dll
0x000007fefe420000 - 0x000007fefe4fb000 	C:\Windows\system32\ADVAPI32.dll
0x000007feffbd0000 - 0x000007feffc6f000 	C:\Windows\system32\msvcrt.dll
0x000007feffbb0000 - 0x000007feffbcf000 	C:\Windows\SYSTEM32\sechost.dll
0x000007feffc70000 - 0x000007feffd9d000 	C:\Windows\system32\RPCRT4.dll
0x0000000077a40000 - 0x0000000077b3a000 	C:\Windows\system32\USER32.dll
0x000007fefdcc0000 - 0x000007fefdd27000 	C:\Windows\system32\GDI32.dll
0x000007fefe500000 - 0x000007fefe50e000 	C:\Windows\system32\LPK.dll
0x000007feff760000 - 0x000007feff829000 	C:\Windows\system32\USP10.dll
0x000007fefc4b0000 - 0x000007fefc6a4000 	C:\Windows\WinSxS\amd64_microsoft.windows.common-controls_6595b64144ccf1df_6.0.7601.17514_none_fa396087175ac9ac\COMCTL32.dll
0x000007feffae0000 - 0x000007feffb51000 	C:\Windows\system32\SHLWAPI.dll
0x000007fefdd30000 - 0x000007fefdd5e000 	C:\Windows\system32\IMM32.DLL
0x000007fefe670000 - 0x000007fefe779000 	C:\Windows\system32\MSCTF.dll
0x000000006dcd0000 - 0x000000006dda2000 	C:\Program Files\Java\jre1.8.0_161\bin\msvcr100.dll
0x000000006c6a0000 - 0x000000006cf3f000 	C:\Program Files\Java\jre1.8.0_161\bin\server\jvm.dll
0x000007fefb080000 - 0x000007fefb089000 	C:\Windows\system32\WSOCK32.dll
0x000007feffb60000 - 0x000007feffbad000 	C:\Windows\system32\WS2_32.dll
0x000007feffe40000 - 0x000007feffe48000 	C:\Windows\system32\NSI.dll
0x000007fefb910000 - 0x000007fefb94b000 	C:\Windows\system32\WINMM.dll
0x000007fefc9a0000 - 0x000007fefc9ac000 	C:\Windows\system32\VERSION.dll
0x0000000077d10000 - 0x0000000077d17000 	C:\Windows\system32\PSAPI.DLL
0x0000000072bc0000 - 0x0000000072bcf000 	C:\Program Files\Java\jre1.8.0_161\bin\verify.dll
0x0000000072b90000 - 0x0000000072bb9000 	C:\Program Files\Java\jre1.8.0_161\bin\java.dll
0x0000000072b70000 - 0x0000000072b86000 	C:\Program Files\Java\jre1.8.0_161\bin\zip.dll
0x000007fefe9d0000 - 0x000007feff759000 	C:\Windows\system32\SHELL32.dll
0x000007fefe030000 - 0x000007fefe233000 	C:\Windows\system32\ole32.dll
0x000007fefd900000 - 0x000007fefd90f000 	C:\Windows\system32\profapi.dll
0x0000000067190000 - 0x0000000067328000 	C:\Program Files\Java\jre1.8.0_161\bin\awt.dll
0x000007fefe510000 - 0x000007fefe5e7000 	C:\Windows\system32\OLEAUT32.dll
0x000007fefc2d0000 - 0x000007fefc326000 	C:\Windows\system32\uxtheme.dll
0x0000000180000000 - 0x0000000180256000 	C:\Program Files (x86)\RivaTuner Statistics Server\RTSSHooks64.dll
0x000007fefbea0000 - 0x000007fefbeb8000 	C:\Windows\system32\dwmapi.dll
0x000007fefd7a0000 - 0x000007fefd7af000 	C:\Windows\system32\CRYPTBASE.dll
0x000007feea4e0000 - 0x000007feea5fd000 	C:\Windows\system32\opengl32.dll
0x000007feeb190000 - 0x000007feeb1bd000 	C:\Windows\system32\GLU32.dll
0x000007fee3200000 - 0x000007fee32f1000 	C:\Windows\system32\DDRAW.dll
0x000007fef2b20000 - 0x000007fef2b28000 	C:\Windows\system32\DCIMAN32.dll
0x000007fefe240000 - 0x000007fefe417000 	C:\Windows\system32\SETUPAPI.dll
0x000007fefda20000 - 0x000007fefda56000 	C:\Windows\system32\CFGMGR32.dll
0x000007fefd960000 - 0x000007fefd97a000 	C:\Windows\system32\DEVOBJ.dll
0x000007fee18a0000 - 0x000007fee1a9f000 	C:\Windows\system32\d3d9.dll
0x000007fee1890000 - 0x000007fee1897000 	C:\Windows\system32\d3d8thk.dll
0x000007fef8c80000 - 0x000007fef8d8e000 	C:\Windows\system32\aticfx64.dll
0x000007fee1850000 - 0x000007fee185f000 	C:\Windows\system32\atiu9p64.dll
0x000007fee09f0000 - 0x000007fee111d000 	C:\Windows\system32\atiumd64.dll
0x000000006d7e0000 - 0x000000006dbfe000 	C:\Windows\system32\atiumd6a.dll
0x000000006d1b0000 - 0x000000006d1f7000 	C:\Program Files\Java\jre1.8.0_161\bin\fontmanager.dll
0x0000000072b50000 - 0x0000000072b6a000 	C:\Program Files\Java\jre1.8.0_161\bin\net.dll
0x000007fefd0e0000 - 0x000007fefd135000 	C:\Windows\system32\mswsock.dll
0x000007fefd0d0000 - 0x000007fefd0d7000 	C:\Windows\System32\wship6.dll
0x0000000072b30000 - 0x0000000072b41000 	C:\Program Files\Java\jre1.8.0_161\bin\nio.dll
0x000000006d160000 - 0x000000006d1a2000 	C:\Program Files\Java\jre1.8.0_161\bin\t2k.dll
0x000000006dc00000 - 0x000000006dc31000 	C:\Program Files\Java\jre1.8.0_161\bin\jpeg.dll

VM Arguments:
jvm_args: -Dfile.encoding=Cp1252 
java_command: interfac.inicio
java_class_path (initial): C:\Program Files\Java\jre1.8.0_161\lib\resources.jar;C:\Program Files\Java\jre1.8.0_161\lib\rt.jar;C:\Program Files\Java\jre1.8.0_161\lib\jsse.jar;C:\Program Files\Java\jre1.8.0_161\lib\jce.jar;C:\Program Files\Java\jre1.8.0_161\lib\charsets.jar;C:\Program Files\Java\jre1.8.0_161\lib\jfr.jar;C:\Program Files\Java\jre1.8.0_161\lib\ext\access-bridge-64.jar;C:\Program Files\Java\jre1.8.0_161\lib\ext\cldrdata.jar;C:\Program Files\Java\jre1.8.0_161\lib\ext\dnsns.jar;C:\Program Files\Java\jre1.8.0_161\lib\ext\jaccess.jar;C:\Program Files\Java\jre1.8.0_161\lib\ext\jfxrt.jar;C:\Program Files\Java\jre1.8.0_161\lib\ext\localedata.jar;C:\Program Files\Java\jre1.8.0_161\lib\ext\nashorn.jar;C:\Program Files\Java\jre1.8.0_161\lib\ext\sunec.jar;C:\Program Files\Java\jre1.8.0_161\lib\ext\sunjce_provider.jar;C:\Program Files\Java\jre1.8.0_161\lib\ext\sunmscapi.jar;C:\Program Files\Java\jre1.8.0_161\lib\ext\sunpkcs11.jar;C:\Program Files\Java\jre1.8.0_161\lib\ext\zipfs.jar;C:\Users\Nico\eclipse-workspace\TP1\bin
Launcher Type: SUN_STANDARD

Environment Variables:
PATH=C:/Program Files/Java/jre1.8.0_161/bin/server;C:/Program Files/Java/jre1.8.0_161/bin;C:/Program Files/Java/jre1.8.0_161/lib/amd64;C:\ProgramData\Oracle\Java\javapath;C:\Program Files (x86)\AMD APP\bin\x86_64;C:\Program Files (x86)\AMD APP\bin\x86;C:\Windows\system32;C:\Windows;C:\Windows\System32\Wbem;C:\Windows\System32\WindowsPowerShell\v1.0\;C:\Program Files (x86)\ATI Technologies\ATI.ACE\Core-Static;C:\Program Files (x86)\Skype\Phone\;C:\Program Files\Git\cmd;C:\Users\Nico\Desktop;
USERNAME=Nico
OS=Windows_NT
PROCESSOR_IDENTIFIER=AMD64 Family 16 Model 6 Stepping 2, AuthenticAMD



---------------  S Y S T E M  ---------------

OS: Windows 7 , 64 bit Build 7601 (6.1.7601.18798)

CPU:total 2 (initial active 2) (2 cores per cpu, 1 threads per core) family 16 model 6 stepping 2, cmov, cx8, fxsr, mmx, sse, sse2, sse3, popcnt, mmxext, 3dnowpref, lzcnt, sse4a, tsc, tscinvbit, tscinv

Memory: 4k page, physical 4193512k(743748k free), swap 9310400k(12292k free)

vm_info: Java HotSpot(TM) 64-Bit Server VM (25.161-b12) for windows-amd64 JRE (1.8.0_161-b12), built on Dec 19 2017 17:52:25 by "java_re" with MS VC++ 10.0 (VS2010)

time: Mon Mar 26 17:39:12 2018
elapsed time: 7 seconds (0d 0h 0m 7s)

