#
# There is insufficient memory for the Java Runtime Environment to continue.
# Native memory allocation (malloc) failed to allocate 32744 bytes for ChunkPool::allocate
# Possible reasons:
#   The system is out of physical RAM or swap space
#   In 32 bit mode, the process size limit was hit
# Possible solutions:
#   Reduce memory load on the system
#   Increase physical memory or swap space
#   Check if swap backing store is full
#   Use 64 bit Java on a 64 bit OS
#   Decrease Java heap size (-Xmx/-Xms)
#   Decrease number of Java threads
#   Decrease Java thread stack sizes (-Xss)
#   Set larger code cache with -XX:ReservedCodeCacheSize=
# This output file may be truncated or incomplete.
#
#  Out of Memory Error (allocation.cpp:273), pid=3260, tid=0x00000000000010b4
#
# JRE version: Java(TM) SE Runtime Environment (8.0_161-b12) (build 1.8.0_161-b12)
# Java VM: Java HotSpot(TM) 64-Bit Server VM (25.161-b12 mixed mode windows-amd64 compressed oops)
# Failed to write core dump. Minidumps are not enabled by default on client versions of Windows
#

---------------  T H R E A D  ---------------

Current thread (0x0000000054f1f000):  JavaThread "C1 CompilerThread1" daemon [_thread_in_native, id=4276, stack(0x0000000055ec0000,0x0000000055fc0000)]

Stack: [0x0000000055ec0000,0x0000000055fc0000]
[error occurred during error reporting (printing stack bounds), id 0xc0000005]

Native frames: (J=compiled Java code, j=interpreted, Vv=VM code, C=native code)


Current CompileTask:
C1:   6142  790   !   3      
[error occurred during error reporting (printing current compile task), id 0xe0000001]


---------------  P R O C E S S  ---------------

Java Threads: ( => current thread )
  0x00000000570ed800 JavaThread "D3D Screen Updater" daemon [_thread_blocked, id=5204, stack(0x000000005b560000,0x000000005b660000)]
  0x0000000056ffe000 JavaThread "Image Fetcher 0" daemon [_thread_blocked, id=5324, stack(0x000000005af10000,0x000000005b010000)]
  0x000000000225e800 JavaThread "DestroyJavaVM" [_thread_blocked, id=3704, stack(0x00000000024b0000,0x00000000025b0000)]
  0x00000000563b2000 JavaThread "AWT-EventQueue-0" [_thread_blocked, id=11984, stack(0x0000000056e00000,0x0000000056f00000)]
  0x00000000563af800 JavaThread "AWT-Windows" daemon [_thread_in_native, id=7888, stack(0x0000000056d00000,0x0000000056e00000)]
  0x00000000563ac800 JavaThread "AWT-Shutdown" [_thread_blocked, id=8788, stack(0x0000000056b60000,0x0000000056c60000)]
  0x00000000563a9800 JavaThread "Java2D Disposer" daemon [_thread_blocked, id=5504, stack(0x0000000056910000,0x0000000056a10000)]
  0x0000000055ff0800 JavaThread "Service Thread" daemon [_thread_blocked, id=11168, stack(0x0000000056470000,0x0000000056570000)]
=>0x0000000054f1f000 JavaThread "C1 CompilerThread1" daemon [_thread_in_native, id=4276, stack(0x0000000055ec0000,0x0000000055fc0000)]
  0x0000000054f04000 JavaThread "C2 CompilerThread0" daemon [_thread_blocked, id=10416, stack(0x0000000055dc0000,0x0000000055ec0000)]
  0x0000000054eff800 JavaThread "Attach Listener" daemon [_thread_blocked, id=6800, stack(0x0000000055cc0000,0x0000000055dc0000)]
  0x0000000054efa800 JavaThread "Signal Dispatcher" daemon [_thread_blocked, id=9956, stack(0x0000000055a20000,0x0000000055b20000)]
  0x0000000054edf000 JavaThread "Finalizer" daemon [_thread_blocked, id=5340, stack(0x0000000055bb0000,0x0000000055cb0000)]
  0x0000000054e98000 JavaThread "Reference Handler" daemon [_thread_blocked, id=11420, stack(0x0000000055900000,0x0000000055a00000)]

Other Threads:
  0x0000000054e8e000 VMThread [stack: 0x00000000557e0000,0x00000000558e0000] [id=10968]
  0x0000000054f5e800 WatcherThread [stack: 0x00000000565b0000,0x00000000566b0000] [id=11520]

VM state:not at safepoint (normal execution)

VM Mutex/Monitor currently owned by a thread: None

Heap:
 PSYoungGen      total 18944K, used 8579K [0x00000000eab00000, 0x00000000ec000000, 0x0000000100000000)
  eden space 16384K, 52% used [0x00000000eab00000,0x00000000eb360c18,0x00000000ebb00000)
  from space 2560K, 0% used [0x00000000ebd80000,0x00000000ebd80000,0x00000000ec000000)
  to   space 2560K, 0% used [0x00000000ebb00000,0x00000000ebb00000,0x00000000ebd80000)
 ParOldGen       total 44032K, used 0K [0x00000000c0000000, 0x00000000c2b00000, 0x00000000eab00000)
  object space 44032K, 0% used [0x00000000c0000000,0x00000000c0000000,0x00000000c2b00000)
 Metaspace       used 9480K, capacity 9692K, committed 9984K, reserved 1058816K
  class space    used 1148K, capacity 1201K, committed 1280K, reserved 1048576K

Card table byte_map: [0x0000000011c40000,0x0000000011e50000] byte_map_base: 0x0000000011640000

Marking Bits: (ParMarkBitMap*) 0x000000006cebf860
 Begin Bits: [0x0000000012360000, 0x0000000013360000)
 End Bits:   [0x0000000013360000, 0x0000000014360000)

Polling page: 0x00000000001b0000

CodeCache: size=245760Kb used=2907Kb max_used=2907Kb free=242852Kb
 bounds [0x0000000002880000, 0x0000000002b60000, 0x0000000011880000]
 total_blobs=1255 nmethods=789 adapters=380
 compilation: enabled

Compilation events (10 events):
Event: 5.891 Thread 0x0000000054f1f000 nmethod 785 0x0000000002b52e50 code [0x0000000002b52fe0, 0x0000000002b535d8]
Event: 5.898 Thread 0x0000000054f1f000  786       3       java.awt.EventQueue::setCurrentEventAndMostRecentTime (8 bytes)
Event: 5.898 Thread 0x0000000054f1f000 nmethod 786 0x0000000002b559d0 code [0x0000000002b55ba0, 0x0000000002b561d8]
Event: 5.900 Thread 0x0000000054f1f000  787   !   3       sun.awt.AWTAutoShutdown::getPeer (43 bytes)
Event: 5.900 Thread 0x0000000054f1f000 nmethod 787 0x0000000002b56510 code [0x0000000002b566a0, 0x0000000002b56be8]
Event: 5.913 Thread 0x0000000054f1f000  788   !   3       sun.awt.AWTAutoShutdown::notifyThreadBusy (88 bytes)
Event: 5.913 Thread 0x0000000054f1f000 nmethod 788 0x0000000002b56e10 code [0x0000000002b56fc0, 0x0000000002b57738]
Event: 5.926 Thread 0x0000000054f1f000  789       3       java.awt.EventQueue::coalesceMouseEvent (44 bytes)
Event: 5.926 Thread 0x0000000054f1f000 nmethod 789 0x0000000002b57ad0 code [0x0000000002b57c60, 0x0000000002b580a8]
Event: 5.927 Thread 0x0000000054f1f000  790   !   3       java.awt.DefaultKeyboardFocusManager::dispatchEvent (1589 bytes)

GC Heap History (0 events):
No events

Deoptimization events (0 events):
No events

Classes redefined (0 events):
No events

Internal exceptions (10 events):
Event: 0.210 Thread 0x000000000225e800 Exception <a 'java/lang/NoSuchMethodError': Method sun.misc.Unsafe.prefetchRead(Ljava/lang/Object;J)V name or signature does not match> (0x00000000eab07f88) thrown at [C:\re\workspace\8-2-build-windows-amd64-cygwin\jdk8u161\10277\hotspot\src\share\vm\prim
Event: 0.326 Thread 0x000000000225e800 Exception <a 'java/security/PrivilegedActionException'> (0x00000000eac0d550) thrown at [C:\re\workspace\8-2-build-windows-amd64-cygwin\jdk8u161\10277\hotspot\src\share\vm\prims\jvm.cpp, line 1390]
Event: 0.326 Thread 0x000000000225e800 Exception <a 'java/security/PrivilegedActionException'> (0x00000000eac0d760) thrown at [C:\re\workspace\8-2-build-windows-amd64-cygwin\jdk8u161\10277\hotspot\src\share\vm\prims\jvm.cpp, line 1390]
Event: 0.327 Thread 0x000000000225e800 Exception <a 'java/security/PrivilegedActionException'> (0x00000000eac113d0) thrown at [C:\re\workspace\8-2-build-windows-amd64-cygwin\jdk8u161\10277\hotspot\src\share\vm\prims\jvm.cpp, line 1390]
Event: 0.327 Thread 0x000000000225e800 Exception <a 'java/security/PrivilegedActionException'> (0x00000000eac115e0) thrown at [C:\re\workspace\8-2-build-windows-amd64-cygwin\jdk8u161\10277\hotspot\src\share\vm\prims\jvm.cpp, line 1390]
Event: 0.332 Thread 0x000000000225e800 Exception <a 'java/io/FileNotFoundException'> (0x00000000eac17c30) thrown at [C:\re\workspace\8-2-build-windows-amd64-cygwin\jdk8u161\10277\hotspot\src\share\vm\prims\jni.cpp, line 709]
Event: 0.381 Thread 0x000000000225e800 Exception <a 'java/lang/NoSuchFieldError': method resolution failed> (0x00000000eace8cf8) thrown at [C:\re\workspace\8-2-build-windows-amd64-cygwin\jdk8u161\10277\hotspot\src\share\vm\prims\methodHandles.cpp, line 1167]
Event: 0.399 Thread 0x000000000225e800 Exception <a 'java/lang/NoSuchFieldError': method resolution failed> (0x00000000eacf60e0) thrown at [C:\re\workspace\8-2-build-windows-amd64-cygwin\jdk8u161\10277\hotspot\src\share\vm\prims\methodHandles.cpp, line 1167]
Event: 0.580 Thread 0x00000000563b2000 Exception <a 'java/io/FileNotFoundException'> (0x00000000eae4a358) thrown at [C:\re\workspace\8-2-build-windows-amd64-cygwin\jdk8u161\10277\hotspot\src\share\vm\prims\jni.cpp, line 709]
Event: 1.724 Thread 0x00000000563af800 Exception <a 'java/lang/OutOfMemoryError': OutOfMemoryError> (0x00000000eada5218) thrown at [C:\re\workspace\8-2-build-windows-amd64-cygwin\jdk8u161\10277\hotspot\src\share\vm\prims\jni.cpp, line 735]

Events (10 events):
Event: 2.657 loading class java/util/concurrent/ConcurrentHashMap$BaseIterator done
Event: 2.657 loading class java/util/concurrent/ConcurrentHashMap$KeyIterator done
Event: 3.176 loading class java/io/RandomAccessFile$1
Event: 3.176 loading class java/io/RandomAccessFile$1 done
Event: 4.326 Executing VM operation: EnableBiasedLocking
Event: 4.326 Executing VM operation: EnableBiasedLocking done
Event: 5.236 loading class sun/font/SunFontManager$4
Event: 5.236 loading class sun/font/SunFontManager$4 done
Event: 5.453 Executing VM operation: RevokeBias
Event: 5.453 Executing VM operation: RevokeBias done


Dynamic libraries:
0x000000013f8d0000 - 0x000000013f907000 	C:\Program Files\Java\jre1.8.0_161\bin\javaw.exe
0x0000000077b40000 - 0x0000000077ce8000 	C:\Windows\SYSTEM32\ntdll.dll
0x0000000077920000 - 0x0000000077a3f000 	C:\Windows\system32\kernel32.dll
0x000007fefdad0000 - 0x000007fefdb3c000 	C:\Windows\system32\KERNELBASE.dll
0x000007fefe420000 - 0x000007fefe4fb000 	C:\Windows\system32\ADVAPI32.dll
0x000007feffbd0000 - 0x000007feffc6f000 	C:\Windows\system32\msvcrt.dll
0x000007feffbb0000 - 0x000007feffbcf000 	C:\Windows\SYSTEM32\sechost.dll
0x000007feffc70000 - 0x000007feffd9d000 	C:\Windows\system32\RPCRT4.dll
0x0000000077a40000 - 0x0000000077b3a000 	C:\Windows\system32\USER32.dll
0x000007fefdcc0000 - 0x000007fefdd27000 	C:\Windows\system32\GDI32.dll
0x000007fefe500000 - 0x000007fefe50e000 	C:\Windows\system32\LPK.dll
0x000007feff760000 - 0x000007feff829000 	C:\Windows\system32\USP10.dll
0x000007fefc4b0000 - 0x000007fefc6a4000 	C:\Windows\WinSxS\amd64_microsoft.windows.common-controls_6595b64144ccf1df_6.0.7601.17514_none_fa396087175ac9ac\COMCTL32.dll
0x000007feffae0000 - 0x000007feffb51000 	C:\Windows\system32\SHLWAPI.dll
0x000007fefdd30000 - 0x000007fefdd5e000 	C:\Windows\system32\IMM32.DLL
0x000007fefe670000 - 0x000007fefe779000 	C:\Windows\system32\MSCTF.dll
0x000000006d120000 - 0x000000006d1f2000 	C:\Program Files\Java\jre1.8.0_161\bin\msvcr100.dll
0x000000006c6a0000 - 0x000000006cf3f000 	C:\Program Files\Java\jre1.8.0_161\bin\server\jvm.dll
0x000007fefb080000 - 0x000007fefb089000 	C:\Windows\system32\WSOCK32.dll
0x000007feffb60000 - 0x000007feffbad000 	C:\Windows\system32\WS2_32.dll
0x000007feffe40000 - 0x000007feffe48000 	C:\Windows\system32\NSI.dll
0x000007fefb910000 - 0x000007fefb94b000 	C:\Windows\system32\WINMM.dll
0x000007fefc9a0000 - 0x000007fefc9ac000 	C:\Windows\system32\VERSION.dll
0x0000000077d10000 - 0x0000000077d17000 	C:\Windows\system32\PSAPI.DLL
0x0000000072bc0000 - 0x0000000072bcf000 	C:\Program Files\Java\jre1.8.0_161\bin\verify.dll
0x0000000072b90000 - 0x0000000072bb9000 	C:\Program Files\Java\jre1.8.0_161\bin\java.dll
0x0000000072b70000 - 0x0000000072b86000 	C:\Program Files\Java\jre1.8.0_161\bin\zip.dll
0x000007fefe9d0000 - 0x000007feff759000 	C:\Windows\system32\SHELL32.dll
0x000007fefe030000 - 0x000007fefe233000 	C:\Windows\system32\ole32.dll
0x000007fefd900000 - 0x000007fefd90f000 	C:\Windows\system32\profapi.dll
0x000000006bf00000 - 0x000000006c098000 	C:\Program Files\Java\jre1.8.0_161\bin\awt.dll
0x000007fefe510000 - 0x000007fefe5e7000 	C:\Windows\system32\OLEAUT32.dll
0x000007fefc2d0000 - 0x000007fefc326000 	C:\Windows\system32\uxtheme.dll
0x0000000180000000 - 0x0000000180256000 	C:\Program Files (x86)\RivaTuner Statistics Server\RTSSHooks64.dll
0x000007fefbea0000 - 0x000007fefbeb8000 	C:\Windows\system32\dwmapi.dll
0x000007fefd7a0000 - 0x000007fefd7af000 	C:\Windows\system32\CRYPTBASE.dll
0x000007feee2d0000 - 0x000007feee3ed000 	C:\Windows\system32\opengl32.dll
0x000007fef2ac0000 - 0x000007fef2aed000 	C:\Windows\system32\GLU32.dll
0x000007feec480000 - 0x000007feec571000 	C:\Windows\system32\DDRAW.dll
0x000007fef2bd0000 - 0x000007fef2bd8000 	C:\Windows\system32\DCIMAN32.dll
0x000007fefe240000 - 0x000007fefe417000 	C:\Windows\system32\SETUPAPI.dll
0x000007fefda20000 - 0x000007fefda56000 	C:\Windows\system32\CFGMGR32.dll
0x000007fefd960000 - 0x000007fefd97a000 	C:\Windows\system32\DEVOBJ.dll
0x000007fee18a0000 - 0x000007fee1a9f000 	C:\Windows\system32\d3d9.dll
0x000007fee1890000 - 0x000007fee1897000 	C:\Windows\system32\d3d8thk.dll
0x000007fef8c80000 - 0x000007fef8d8e000 	C:\Windows\system32\aticfx64.dll
0x000007fee1850000 - 0x000007fee185f000 	C:\Windows\system32\atiu9p64.dll
0x000007fee09f0000 - 0x000007fee111d000 	C:\Windows\system32\atiumd64.dll
0x000000006d7e0000 - 0x000000006dbfe000 	C:\Windows\system32\atiumd6a.dll
0x000000006dd30000 - 0x000000006dd77000 	C:\Program Files\Java\jre1.8.0_161\bin\fontmanager.dll
0x0000000072b50000 - 0x0000000072b6a000 	C:\Program Files\Java\jre1.8.0_161\bin\net.dll
0x000007fefd0e0000 - 0x000007fefd135000 	C:\Windows\system32\mswsock.dll
0x000007fefd0d0000 - 0x000007fefd0d7000 	C:\Windows\System32\wship6.dll
0x0000000072b30000 - 0x0000000072b41000 	C:\Program Files\Java\jre1.8.0_161\bin\nio.dll
0x000000006dce0000 - 0x000000006dd22000 	C:\Program Files\Java\jre1.8.0_161\bin\t2k.dll

VM Arguments:
jvm_args: -Dfile.encoding=Cp1252 
java_command: interfac.inicio
java_class_path (initial): C:\Program Files\Java\jre1.8.0_161\lib\resources.jar;C:\Program Files\Java\jre1.8.0_161\lib\rt.jar;C:\Program Files\Java\jre1.8.0_161\lib\jsse.jar;C:\Program Files\Java\jre1.8.0_161\lib\jce.jar;C:\Program Files\Java\jre1.8.0_161\lib\charsets.jar;C:\Program Files\Java\jre1.8.0_161\lib\jfr.jar;C:\Program Files\Java\jre1.8.0_161\lib\ext\access-bridge-64.jar;C:\Program Files\Java\jre1.8.0_161\lib\ext\cldrdata.jar;C:\Program Files\Java\jre1.8.0_161\lib\ext\dnsns.jar;C:\Program Files\Java\jre1.8.0_161\lib\ext\jaccess.jar;C:\Program Files\Java\jre1.8.0_161\lib\ext\jfxrt.jar;C:\Program Files\Java\jre1.8.0_161\lib\ext\localedata.jar;C:\Program Files\Java\jre1.8.0_161\lib\ext\nashorn.jar;C:\Program Files\Java\jre1.8.0_161\lib\ext\sunec.jar;C:\Program Files\Java\jre1.8.0_161\lib\ext\sunjce_provider.jar;C:\Program Files\Java\jre1.8.0_161\lib\ext\sunmscapi.jar;C:\Program Files\Java\jre1.8.0_161\lib\ext\sunpkcs11.jar;C:\Program Files\Java\jre1.8.0_161\lib\ext\zipfs.jar;C:\Users\Nico\eclipse-workspace\TP1\bin
Launcher Type: SUN_STANDARD

Environment Variables:
PATH=C:/Program Files/Java/jre1.8.0_161/bin/server;C:/Program Files/Java/jre1.8.0_161/bin;C:/Program Files/Java/jre1.8.0_161/lib/amd64;C:\ProgramData\Oracle\Java\javapath;C:\Program Files (x86)\AMD APP\bin\x86_64;C:\Program Files (x86)\AMD APP\bin\x86;C:\Windows\system32;C:\Windows;C:\Windows\System32\Wbem;C:\Windows\System32\WindowsPowerShell\v1.0\;C:\Program Files (x86)\ATI Technologies\ATI.ACE\Core-Static;C:\Program Files (x86)\Skype\Phone\;C:\Program Files\Git\cmd;C:\Users\Nico\Desktop;
USERNAME=Nico
OS=Windows_NT
PROCESSOR_IDENTIFIER=AMD64 Family 16 Model 6 Stepping 2, AuthenticAMD



---------------  S Y S T E M  ---------------

OS: Windows 7 , 64 bit Build 7601 (6.1.7601.18798)

CPU:total 2 (initial active 2) (2 cores per cpu, 1 threads per core) family 16 model 6 stepping 2, cmov, cx8, fxsr, mmx, sse, sse2, sse3, popcnt, mmxext, 3dnowpref, lzcnt, sse4a, tsc, tscinvbit, tscinv

Memory: 4k page, physical 4193512k(279220k free), swap 9445468k(5116k free)

vm_info: Java HotSpot(TM) 64-Bit Server VM (25.161-b12) for windows-amd64 JRE (1.8.0_161-b12), built on Dec 19 2017 17:52:25 by "java_re" with MS VC++ 10.0 (VS2010)

time: Mon Mar 26 18:20:24 2018
elapsed time: 6 seconds (0d 0h 0m 6s)

