#
# There is insufficient memory for the Java Runtime Environment to continue.
# Native memory allocation (malloc) failed to allocate 73456 bytes for Chunk::new
# Possible reasons:
#   The system is out of physical RAM or swap space
#   In 32 bit mode, the process size limit was hit
# Possible solutions:
#   Reduce memory load on the system
#   Increase physical memory or swap space
#   Check if swap backing store is full
#   Use 64 bit Java on a 64 bit OS
#   Decrease Java heap size (-Xmx/-Xms)
#   Decrease number of Java threads
#   Decrease Java thread stack sizes (-Xss)
#   Set larger code cache with -XX:ReservedCodeCacheSize=
# This output file may be truncated or incomplete.
#
#  Out of Memory Error (allocation.cpp:390), pid=3784, tid=0x0000000000002c9c
#
# JRE version: Java(TM) SE Runtime Environment (8.0_161-b12) (build 1.8.0_161-b12)
# Java VM: Java HotSpot(TM) 64-Bit Server VM (25.161-b12 mixed mode windows-amd64 compressed oops)
# Failed to write core dump. Minidumps are not enabled by default on client versions of Windows
#

---------------  T H R E A D  ---------------

Current thread (0x0000000054f3a000):  JavaThread "C2 CompilerThread0" daemon [_thread_in_native, id=11420, stack(0x0000000055eb0000,0x0000000055fb0000)]

Stack: [0x0000000055eb0000,0x0000000055fb0000]
[error occurred during error reporting (printing stack bounds), id 0xc0000005]

Native frames: (J=compiled Java code, j=interpreted, Vv=VM code, C=native code)


Current CompileTask:
C2:  49998  926 % !   4       sun.awt.image.PNGImageDecoder::produceImage @ 960 (1916 bytes)


---------------  P R O C E S S  ---------------

Java Threads: ( => current thread )
  0x000000005a5de800 JavaThread "Image Fetcher 0" daemon [_thread_blocked, id=10668, stack(0x000000005c470000,0x000000005c570000)]
  0x000000005a5bb800 JavaThread "Image Animator 3" daemon [_thread_blocked, id=4140, stack(0x000000005a3f0000,0x000000005a4f0000)]
  0x00000000564cc800 JavaThread "D3D Screen Updater" daemon [_thread_blocked, id=10288, stack(0x000000005b260000,0x000000005b360000)]
  0x000000000225e800 JavaThread "DestroyJavaVM" [_thread_blocked, id=8632, stack(0x0000000002400000,0x0000000002500000)]
  0x00000000565e2800 JavaThread "AWT-EventQueue-0" [_thread_blocked, id=880, stack(0x0000000059630000,0x0000000059730000)]
  0x0000000056581000 JavaThread "AWT-Windows" daemon [_thread_in_native, id=8008, stack(0x0000000056d80000,0x0000000056e80000)]
  0x000000005657a000 JavaThread "AWT-Shutdown" [_thread_blocked, id=11856, stack(0x0000000056c20000,0x0000000056d20000)]
  0x0000000056579000 JavaThread "Java2D Disposer" daemon [_thread_blocked, id=12200, stack(0x0000000056ab0000,0x0000000056bb0000)]
  0x0000000056220800 JavaThread "Service Thread" daemon [_thread_blocked, id=7760, stack(0x0000000056690000,0x0000000056790000)]
  0x0000000054f49800 JavaThread "C1 CompilerThread1" daemon [_thread_blocked, id=12072, stack(0x0000000056110000,0x0000000056210000)]
=>0x0000000054f3a000 JavaThread "C2 CompilerThread0" daemon [_thread_in_native, id=11420, stack(0x0000000055eb0000,0x0000000055fb0000)]
  0x0000000054f37800 JavaThread "Attach Listener" daemon [_thread_blocked, id=12152, stack(0x0000000055bd0000,0x0000000055cd0000)]
  0x0000000054f36800 JavaThread "Signal Dispatcher" daemon [_thread_blocked, id=4056, stack(0x0000000055d20000,0x0000000055e20000)]
  0x0000000054f1f000 JavaThread "Finalizer" daemon [_thread_blocked, id=7052, stack(0x0000000055820000,0x0000000055920000)]
  0x0000000054ed8000 JavaThread "Reference Handler" daemon [_thread_blocked, id=4712, stack(0x0000000055ac0000,0x0000000055bc0000)]

Other Threads:
  0x0000000054ece000 VMThread [stack: 0x00000000559b0000,0x0000000055ab0000] [id=6916]
  0x0000000054f9e800 WatcherThread [stack: 0x0000000056900000,0x0000000056a00000] [id=10680]

VM state:not at safepoint (normal execution)

VM Mutex/Monitor currently owned by a thread: None

Heap:
 PSYoungGen      total 18944K, used 12454K [0x00000000eab00000, 0x00000000ec000000, 0x0000000100000000)
  eden space 16384K, 76% used [0x00000000eab00000,0x00000000eb729958,0x00000000ebb00000)
  from space 2560K, 0% used [0x00000000ebd80000,0x00000000ebd80000,0x00000000ec000000)
  to   space 2560K, 0% used [0x00000000ebb00000,0x00000000ebb00000,0x00000000ebd80000)
 ParOldGen       total 44032K, used 0K [0x00000000c0000000, 0x00000000c2b00000, 0x00000000eab00000)
  object space 44032K, 0% used [0x00000000c0000000,0x00000000c0000000,0x00000000c2b00000)
 Metaspace       used 9822K, capacity 9996K, committed 10240K, reserved 1058816K
  class space    used 1168K, capacity 1265K, committed 1280K, reserved 1048576K

Card table byte_map: [0x0000000011b90000,0x0000000011da0000] byte_map_base: 0x0000000011590000

Marking Bits: (ParMarkBitMap*) 0x000000006ba0f860
 Begin Bits: [0x00000000123a0000, 0x00000000133a0000)
 End Bits:   [0x00000000133a0000, 0x00000000143a0000)

Polling page: 0x0000000000230000

CodeCache: size=245760Kb used=3619Kb max_used=3619Kb free=242140Kb
 bounds [0x00000000027d0000, 0x0000000002b60000, 0x00000000117d0000]
 total_blobs=1412 nmethods=944 adapters=382
 compilation: enabled

Compilation events (10 events):
Event: 49.949 Thread 0x0000000054f49800  945       1       sun.awt.windows.WObjectPeer::getTarget (5 bytes)
Event: 49.949 Thread 0x0000000054f49800 nmethod 945 0x0000000002b58910 code [0x0000000002b58a60, 0x0000000002b58b70]
Event: 49.950 Thread 0x0000000054f49800  946       3       sun.java2d.SunGraphics2D::setFont (105 bytes)
Event: 49.950 Thread 0x0000000054f49800 nmethod 946 0x0000000002b58bd0 code [0x0000000002b58d80, 0x0000000002b59658]
Event: 49.951 Thread 0x0000000054f49800  947       3       java.awt.Insets::<init> (26 bytes)
Event: 49.951 Thread 0x0000000054f49800 nmethod 947 0x0000000002b598d0 code [0x0000000002b59a20, 0x0000000002b59bd0]
Event: 49.951 Thread 0x0000000054f49800  948       1       sun.font.GlyphList::usePositions (5 bytes)
Event: 49.952 Thread 0x0000000054f49800 nmethod 948 0x0000000002b59c90 code [0x0000000002b59de0, 0x0000000002b59ef0]
Event: 49.952 Thread 0x0000000054f49800  949       3       java.awt.Container::countComponents (10 bytes)
Event: 49.952 Thread 0x0000000054f49800 nmethod 949 0x0000000002b59f50 code [0x0000000002b5a0c0, 0x0000000002b5a2e8]

GC Heap History (0 events):
No events

Deoptimization events (3 events):
Event: 49.754 Thread 0x000000005a5bb800 Uncommon trap: reason=unstable_if action=reinterpret pc=0x0000000002b24078 method=sun.awt.image.GifImageDecoder.sendPixels(IIII[BLjava/awt/image/ColorModel;)I @ 136
Event: 49.754 Thread 0x000000005a5bb800 Uncommon trap: reason=unstable_if action=reinterpret pc=0x0000000002b33124 method=sun.awt.image.ByteInterleavedRaster.putByteData(IIII[B)V @ 107
Event: 49.917 Thread 0x000000005a5de800 Uncommon trap: reason=unstable_if action=reinterpret pc=0x0000000002b3da88 method=sun.awt.image.ImageRepresentation.setPixels(IIIILjava/awt/image/ColorModel;[BII)V @ 33

Classes redefined (0 events):
No events

Internal exceptions (10 events):
Event: 0.483 Thread 0x000000000225e800 Exception <a 'java/lang/NoSuchMethodError': Method sun.misc.Unsafe.prefetchRead(Ljava/lang/Object;J)V name or signature does not match> (0x00000000eab07f88) thrown at [C:\re\workspace\8-2-build-windows-amd64-cygwin\jdk8u161\10277\hotspot\src\share\vm\prim
Event: 4.239 Thread 0x000000000225e800 Exception <a 'java/security/PrivilegedActionException'> (0x00000000eac147b8) thrown at [C:\re\workspace\8-2-build-windows-amd64-cygwin\jdk8u161\10277\hotspot\src\share\vm\prims\jvm.cpp, line 1390]
Event: 4.239 Thread 0x000000000225e800 Exception <a 'java/security/PrivilegedActionException'> (0x00000000eac149c8) thrown at [C:\re\workspace\8-2-build-windows-amd64-cygwin\jdk8u161\10277\hotspot\src\share\vm\prims\jvm.cpp, line 1390]
Event: 4.240 Thread 0x000000000225e800 Exception <a 'java/security/PrivilegedActionException'> (0x00000000eac18638) thrown at [C:\re\workspace\8-2-build-windows-amd64-cygwin\jdk8u161\10277\hotspot\src\share\vm\prims\jvm.cpp, line 1390]
Event: 4.240 Thread 0x000000000225e800 Exception <a 'java/security/PrivilegedActionException'> (0x00000000eac18848) thrown at [C:\re\workspace\8-2-build-windows-amd64-cygwin\jdk8u161\10277\hotspot\src\share\vm\prims\jvm.cpp, line 1390]
Event: 4.252 Thread 0x000000000225e800 Exception <a 'java/io/FileNotFoundException'> (0x00000000eac1ee98) thrown at [C:\re\workspace\8-2-build-windows-amd64-cygwin\jdk8u161\10277\hotspot\src\share\vm\prims\jni.cpp, line 709]
Event: 4.317 Thread 0x000000000225e800 Exception <a 'java/lang/NoSuchFieldError': method resolution failed> (0x00000000eacefdf8) thrown at [C:\re\workspace\8-2-build-windows-amd64-cygwin\jdk8u161\10277\hotspot\src\share\vm\prims\methodHandles.cpp, line 1167]
Event: 4.328 Thread 0x000000000225e800 Exception <a 'java/lang/NoSuchFieldError': method resolution failed> (0x00000000eacfd1c8) thrown at [C:\re\workspace\8-2-build-windows-amd64-cygwin\jdk8u161\10277\hotspot\src\share\vm\prims\methodHandles.cpp, line 1167]
Event: 4.376 Thread 0x000000000225e800 Exception <a 'java/io/FileNotFoundException'> (0x00000000ead95840) thrown at [C:\re\workspace\8-2-build-windows-amd64-cygwin\jdk8u161\10277\hotspot\src\share\vm\prims\jni.cpp, line 709]
Event: 47.478 Thread 0x000000005a5bb800 Exception <a 'java/lang/InterruptedException': sleep interrupted> (0x00000000eb4d0b58) thrown at [C:\re\workspace\8-2-build-windows-amd64-cygwin\jdk8u161\10277\hotspot\src\share\vm\prims\jvm.cpp, line 3180]

Events (10 events):
Event: 49.923 Thread 0x0000000054f49800 flushing nmethod 0x00000000028db4d0
Event: 49.923 Thread 0x0000000054f49800 flushing nmethod 0x00000000028dc0d0
Event: 49.941 Thread 0x000000005a5bb800 DEOPT PACKING pc=0x0000000002b46694 sp=0x000000005a4eeb70
Event: 49.941 Thread 0x000000005a5bb800 DEOPT UNPACKING pc=0x0000000002817490 sp=0x000000005a4ee8c8 mode 0
Event: 49.942 Thread 0x000000005a5bb800 DEOPT PACKING pc=0x0000000002b46694 sp=0x000000005a4eeb70
Event: 49.942 Thread 0x000000005a5bb800 DEOPT UNPACKING pc=0x0000000002817490 sp=0x000000005a4ee8c8 mode 0
Event: 49.942 Thread 0x000000005a5bb800 DEOPT PACKING pc=0x0000000002b46694 sp=0x000000005a4eeb70
Event: 49.942 Thread 0x000000005a5bb800 DEOPT UNPACKING pc=0x0000000002817490 sp=0x000000005a4ee8c8 mode 0
Event: 49.942 Thread 0x000000005a5bb800 DEOPT PACKING pc=0x0000000002b46694 sp=0x000000005a4eeb70
Event: 49.942 Thread 0x000000005a5bb800 DEOPT UNPACKING pc=0x0000000002817490 sp=0x000000005a4ee8c8 mode 0


Dynamic libraries:
0x000000013f030000 - 0x000000013f067000 	C:\Program Files\Java\jre1.8.0_161\bin\javaw.exe
0x0000000077b40000 - 0x0000000077ce8000 	C:\Windows\SYSTEM32\ntdll.dll
0x0000000077920000 - 0x0000000077a3f000 	C:\Windows\system32\kernel32.dll
0x000007fefdad0000 - 0x000007fefdb3c000 	C:\Windows\system32\KERNELBASE.dll
0x000007fefe420000 - 0x000007fefe4fb000 	C:\Windows\system32\ADVAPI32.dll
0x000007feffbd0000 - 0x000007feffc6f000 	C:\Windows\system32\msvcrt.dll
0x000007feffbb0000 - 0x000007feffbcf000 	C:\Windows\SYSTEM32\sechost.dll
0x000007feffc70000 - 0x000007feffd9d000 	C:\Windows\system32\RPCRT4.dll
0x0000000077a40000 - 0x0000000077b3a000 	C:\Windows\system32\USER32.dll
0x000007fefdcc0000 - 0x000007fefdd27000 	C:\Windows\system32\GDI32.dll
0x000007fefe500000 - 0x000007fefe50e000 	C:\Windows\system32\LPK.dll
0x000007feff760000 - 0x000007feff829000 	C:\Windows\system32\USP10.dll
0x000007fefc4b0000 - 0x000007fefc6a4000 	C:\Windows\WinSxS\amd64_microsoft.windows.common-controls_6595b64144ccf1df_6.0.7601.17514_none_fa396087175ac9ac\COMCTL32.dll
0x000007feffae0000 - 0x000007feffb51000 	C:\Windows\system32\SHLWAPI.dll
0x000007fefdd30000 - 0x000007fefdd5e000 	C:\Windows\system32\IMM32.DLL
0x000007fefe670000 - 0x000007fefe779000 	C:\Windows\system32\MSCTF.dll
0x0000000071ac0000 - 0x0000000071b92000 	C:\Program Files\Java\jre1.8.0_161\bin\msvcr100.dll
0x000000006b1f0000 - 0x000000006ba8f000 	C:\Program Files\Java\jre1.8.0_161\bin\server\jvm.dll
0x000007fefb080000 - 0x000007fefb089000 	C:\Windows\system32\WSOCK32.dll
0x000007feffb60000 - 0x000007feffbad000 	C:\Windows\system32\WS2_32.dll
0x000007feffe40000 - 0x000007feffe48000 	C:\Windows\system32\NSI.dll
0x000007fefb910000 - 0x000007fefb94b000 	C:\Windows\system32\WINMM.dll
0x000007fefc9a0000 - 0x000007fefc9ac000 	C:\Windows\system32\VERSION.dll
0x0000000077d10000 - 0x0000000077d17000 	C:\Windows\system32\PSAPI.DLL
0x0000000075630000 - 0x000000007563f000 	C:\Program Files\Java\jre1.8.0_161\bin\verify.dll
0x0000000073c20000 - 0x0000000073c49000 	C:\Program Files\Java\jre1.8.0_161\bin\java.dll
0x0000000073c00000 - 0x0000000073c16000 	C:\Program Files\Java\jre1.8.0_161\bin\zip.dll
0x000007fefe9d0000 - 0x000007feff759000 	C:\Windows\system32\SHELL32.dll
0x000007fefe030000 - 0x000007fefe233000 	C:\Windows\system32\ole32.dll
0x000007fefd900000 - 0x000007fefd90f000 	C:\Windows\system32\profapi.dll
0x00000000718c0000 - 0x0000000071a58000 	C:\Program Files\Java\jre1.8.0_161\bin\awt.dll
0x000007fefe510000 - 0x000007fefe5e7000 	C:\Windows\system32\OLEAUT32.dll
0x000007fefbea0000 - 0x000007fefbeb8000 	C:\Windows\system32\DWMAPI.DLL
0x000007fef10a0000 - 0x000007fef11bd000 	C:\Windows\system32\opengl32.dll
0x000007fef17b0000 - 0x000007fef17dd000 	C:\Windows\system32\GLU32.dll
0x000007fef1440000 - 0x000007fef1531000 	C:\Windows\system32\DDRAW.dll
0x000007fefb570000 - 0x000007fefb578000 	C:\Windows\system32\DCIMAN32.dll
0x000007fefe240000 - 0x000007fefe417000 	C:\Windows\system32\SETUPAPI.dll
0x000007fefda20000 - 0x000007fefda56000 	C:\Windows\system32\CFGMGR32.dll
0x000007fefd960000 - 0x000007fefd97a000 	C:\Windows\system32\DEVOBJ.dll
0x000007fefc2d0000 - 0x000007fefc326000 	C:\Windows\system32\uxtheme.dll
0x000007fefd7a0000 - 0x000007fefd7af000 	C:\Windows\system32\CRYPTBASE.dll
0x000007fee18a0000 - 0x000007fee1a9f000 	C:\Windows\system32\d3d9.dll
0x000007fee1890000 - 0x000007fee1897000 	C:\Windows\system32\d3d8thk.dll
0x000007fef8c80000 - 0x000007fef8d8e000 	C:\Windows\system32\aticfx64.dll
0x000007fee1850000 - 0x000007fee185f000 	C:\Windows\system32\atiu9p64.dll
0x000007fee4de0000 - 0x000007fee550d000 	C:\Windows\system32\atiumd64.dll
0x000000006f740000 - 0x000000006fb5e000 	C:\Windows\system32\atiumd6a.dll
0x0000000072b30000 - 0x0000000072b77000 	C:\Program Files\Java\jre1.8.0_161\bin\fontmanager.dll
0x0000000073be0000 - 0x0000000073bfa000 	C:\Program Files\Java\jre1.8.0_161\bin\net.dll
0x000007fefd0e0000 - 0x000007fefd135000 	C:\Windows\system32\mswsock.dll
0x000007fefd0d0000 - 0x000007fefd0d7000 	C:\Windows\System32\wship6.dll
0x0000000072bc0000 - 0x0000000072bd1000 	C:\Program Files\Java\jre1.8.0_161\bin\nio.dll
0x0000000072aa0000 - 0x0000000072ae2000 	C:\Program Files\Java\jre1.8.0_161\bin\t2k.dll
0x0000000072af0000 - 0x0000000072b21000 	C:\Program Files\Java\jre1.8.0_161\bin\jpeg.dll

VM Arguments:
jvm_args: -Dfile.encoding=Cp1252 
java_command: interfac.inicio
java_class_path (initial): C:\Program Files\Java\jre1.8.0_161\lib\resources.jar;C:\Program Files\Java\jre1.8.0_161\lib\rt.jar;C:\Program Files\Java\jre1.8.0_161\lib\jsse.jar;C:\Program Files\Java\jre1.8.0_161\lib\jce.jar;C:\Program Files\Java\jre1.8.0_161\lib\charsets.jar;C:\Program Files\Java\jre1.8.0_161\lib\jfr.jar;C:\Program Files\Java\jre1.8.0_161\lib\ext\access-bridge-64.jar;C:\Program Files\Java\jre1.8.0_161\lib\ext\cldrdata.jar;C:\Program Files\Java\jre1.8.0_161\lib\ext\dnsns.jar;C:\Program Files\Java\jre1.8.0_161\lib\ext\jaccess.jar;C:\Program Files\Java\jre1.8.0_161\lib\ext\jfxrt.jar;C:\Program Files\Java\jre1.8.0_161\lib\ext\localedata.jar;C:\Program Files\Java\jre1.8.0_161\lib\ext\nashorn.jar;C:\Program Files\Java\jre1.8.0_161\lib\ext\sunec.jar;C:\Program Files\Java\jre1.8.0_161\lib\ext\sunjce_provider.jar;C:\Program Files\Java\jre1.8.0_161\lib\ext\sunmscapi.jar;C:\Program Files\Java\jre1.8.0_161\lib\ext\sunpkcs11.jar;C:\Program Files\Java\jre1.8.0_161\lib\ext\zipfs.jar;C:\Users\Nico\eclipse-workspace\TP1\bin
Launcher Type: SUN_STANDARD

Environment Variables:
PATH=C:/Program Files/Java/jre1.8.0_161/bin/server;C:/Program Files/Java/jre1.8.0_161/bin;C:/Program Files/Java/jre1.8.0_161/lib/amd64;C:\ProgramData\Oracle\Java\javapath;C:\Program Files (x86)\AMD APP\bin\x86_64;C:\Program Files (x86)\AMD APP\bin\x86;C:\Windows\system32;C:\Windows;C:\Windows\System32\Wbem;C:\Windows\System32\WindowsPowerShell\v1.0\;C:\Program Files (x86)\ATI Technologies\ATI.ACE\Core-Static;C:\Program Files (x86)\Skype\Phone\;C:\Program Files\Git\cmd;C:\Users\Nico\Desktop;
USERNAME=Nico
OS=Windows_NT
PROCESSOR_IDENTIFIER=AMD64 Family 16 Model 6 Stepping 2, AuthenticAMD



---------------  S Y S T E M  ---------------

OS: Windows 7 , 64 bit Build 7601 (6.1.7601.18798)

CPU:total 2 (initial active 2) (2 cores per cpu, 1 threads per core) family 16 model 6 stepping 2, cmov, cx8, fxsr, mmx, sse, sse2, sse3, popcnt, mmxext, 3dnowpref, lzcnt, sse4a, tsc, tscinvbit, tscinv

Memory: 4k page, physical 4193512k(580900k free), swap 9445468k(5148k free)

vm_info: Java HotSpot(TM) 64-Bit Server VM (25.161-b12) for windows-amd64 JRE (1.8.0_161-b12), built on Dec 19 2017 17:52:25 by "java_re" with MS VC++ 10.0 (VS2010)

time: Mon Mar 26 21:33:31 2018
elapsed time: 50 seconds (0d 0h 0m 50s)

